

Started GET "/" for 10.0.2.2 at 2013-06-17 18:48:41 +0000

ActiveRecord::PendingMigrationError (Migrations are pending; run 'rake db:migrate RAILS_ENV=development' to resolve this issue.):
  activerecord (4.0.0.rc1) lib/active_record/migration.rb:376:in `check_pending!'
  activerecord (4.0.0.rc1) lib/active_record/migration.rb:364:in `block in call'
  activesupport (4.0.0.rc1) lib/active_support/logger_silence.rb:16:in `silence'
  activerecord (4.0.0.rc1) lib/active_record/migration.rb:363:in `call'
  actionpack (4.0.0.rc1) lib/action_dispatch/middleware/callbacks.rb:29:in `block in call'
  activesupport (4.0.0.rc1) lib/active_support/callbacks.rb:392:in `_run__499582033__call__callbacks'
  activesupport (4.0.0.rc1) lib/active_support/callbacks.rb:80:in `run_callbacks'
  actionpack (4.0.0.rc1) lib/action_dispatch/middleware/callbacks.rb:27:in `call'
  actionpack (4.0.0.rc1) lib/action_dispatch/middleware/reloader.rb:64:in `call'
  actionpack (4.0.0.rc1) lib/action_dispatch/middleware/remote_ip.rb:76:in `call'
  actionpack (4.0.0.rc1) lib/action_dispatch/middleware/debug_exceptions.rb:17:in `call'
  actionpack (4.0.0.rc1) lib/action_dispatch/middleware/show_exceptions.rb:30:in `call'
  railties (4.0.0.rc1) lib/rails/rack/logger.rb:38:in `call_app'
  railties (4.0.0.rc1) lib/rails/rack/logger.rb:21:in `block in call'
  activesupport (4.0.0.rc1) lib/active_support/tagged_logging.rb:67:in `block in tagged'
  activesupport (4.0.0.rc1) lib/active_support/tagged_logging.rb:25:in `tagged'
  activesupport (4.0.0.rc1) lib/active_support/tagged_logging.rb:67:in `tagged'
  railties (4.0.0.rc1) lib/rails/rack/logger.rb:21:in `call'
  actionpack (4.0.0.rc1) lib/action_dispatch/middleware/request_id.rb:21:in `call'
  rack (1.5.2) lib/rack/methodoverride.rb:21:in `call'
  rack (1.5.2) lib/rack/runtime.rb:17:in `call'
  activesupport (4.0.0.rc1) lib/active_support/cache/strategy/local_cache.rb:83:in `call'
  rack (1.5.2) lib/rack/lock.rb:17:in `call'
  actionpack (4.0.0.rc1) lib/action_dispatch/middleware/static.rb:64:in `call'
  railties (4.0.0.rc1) lib/rails/engine.rb:511:in `call'
  railties (4.0.0.rc1) lib/rails/application.rb:96:in `call'
  rack (1.5.2) lib/rack/lock.rb:17:in `call'
  rack (1.5.2) lib/rack/content_length.rb:14:in `call'
  rack (1.5.2) lib/rack/handler/webrick.rb:60:in `service'
  /home/vagrant/.rbenv/versions/2.0.0-p195/lib/ruby/2.0.0/webrick/httpserver.rb:138:in `service'
  /home/vagrant/.rbenv/versions/2.0.0-p195/lib/ruby/2.0.0/webrick/httpserver.rb:94:in `run'
  /home/vagrant/.rbenv/versions/2.0.0-p195/lib/ruby/2.0.0/webrick/server.rb:295:in `block in start_thread'


  Rendered /home/vagrant/.rbenv/versions/2.0.0-p195/lib/ruby/gems/2.0.0/gems/actionpack-4.0.0.rc1/lib/action_dispatch/middleware/templates/rescues/_source.erb (0.5ms)
  Rendered /home/vagrant/.rbenv/versions/2.0.0-p195/lib/ruby/gems/2.0.0/gems/actionpack-4.0.0.rc1/lib/action_dispatch/middleware/templates/rescues/_trace.erb (0.9ms)
  Rendered /home/vagrant/.rbenv/versions/2.0.0-p195/lib/ruby/gems/2.0.0/gems/actionpack-4.0.0.rc1/lib/action_dispatch/middleware/templates/rescues/_request_and_response.erb (0.8ms)
  Rendered /home/vagrant/.rbenv/versions/2.0.0-p195/lib/ruby/gems/2.0.0/gems/actionpack-4.0.0.rc1/lib/action_dispatch/middleware/templates/rescues/diagnostics.erb within rescues/layout (34.9ms)
  [1m[36m (5.4ms)[0m  [1mCREATE TABLE "schema_migrations" ("version" varchar(255) NOT NULL) [0m
  [1m[35m (4.4ms)[0m  CREATE UNIQUE INDEX "unique_schema_migrations" ON "schema_migrations" ("version")
  [1m[36mActiveRecord::SchemaMigration Load (1.1ms)[0m  [1mSELECT "schema_migrations".* FROM "schema_migrations"[0m
Migrating to CreateUsers (20130617184758)
  [1m[36mActiveRecord::SchemaMigration Load (1.2ms)[0m  [1mSELECT "schema_migrations".* FROM "schema_migrations"[0m
Migrating to CreateUsers (20130617185022)
  [1m[35m (0.1ms)[0m  begin transaction
  [1m[36m (2.6ms)[0m  [1mCREATE TABLE "users" ("id" INTEGER PRIMARY KEY AUTOINCREMENT NOT NULL, "username" varchar(255), "email" varchar(255), "password" varchar(255), "created_at" datetime, "updated_at" datetime) [0m
  [1m[35mSQL (1.0ms)[0m  INSERT INTO "schema_migrations" ("version") VALUES (?)  [["version", "20130617185022"]]
  [1m[36m (3.3ms)[0m  [1mcommit transaction[0m
  [1m[35mActiveRecord::SchemaMigration Load (1.0ms)[0m  SELECT "schema_migrations".* FROM "schema_migrations"
  [1m[36m (0.1ms)[0m  [1mbegin transaction[0m
  [1m[35mSQL (12.1ms)[0m  INSERT INTO "users" ("created_at", "email", "password", "updated_at", "username") VALUES (?, ?, ?, ?, ?)  [["created_at", Mon, 17 Jun 2013 18:51:44 UTC +00:00], ["email", "nylund.eric@gmail.com"], ["password", "password"], ["updated_at", Mon, 17 Jun 2013 18:51:44 UTC +00:00], ["username", "etn8"]]
  [1m[36m (4.1ms)[0m  [1mcommit transaction[0m


Started GET "/" for 10.0.2.2 at 2013-06-17 18:53:11 +0000
Processing by Rails::WelcomeController#index as HTML
  Rendered /home/vagrant/.rbenv/versions/2.0.0-p195/lib/ruby/gems/2.0.0/gems/railties-4.0.0.rc1/lib/rails/templates/rails/welcome/index.html.erb (4.8ms)
Completed 200 OK in 44ms (Views: 23.0ms | ActiveRecord: 0.0ms)


Started GET "/users" for 10.0.2.2 at 2013-06-17 18:53:17 +0000
Processing by UsersController#index as HTML
  [1m[36mUser Load (1.1ms)[0m  [1mSELECT "users".* FROM "users"[0m
  Rendered users/index.html.erb within layouts/application (35.5ms)
Completed 200 OK in 550ms (Views: 534.3ms | ActiveRecord: 2.4ms)


Started GET "/assets/scaffolds.css?body=1" for 10.0.2.2 at 2013-06-17 18:53:18 +0000


Started GET "/assets/users.css?body=1" for 10.0.2.2 at 2013-06-17 18:53:18 +0000


Started GET "/assets/jquery_ujs.js?body=1" for 10.0.2.2 at 2013-06-17 18:53:18 +0000


Started GET "/assets/jquery.js?body=1" for 10.0.2.2 at 2013-06-17 18:53:18 +0000


Started GET "/assets/application.css?body=1" for 10.0.2.2 at 2013-06-17 18:53:18 +0000


Started GET "/assets/turbolinks.js?body=1" for 10.0.2.2 at 2013-06-17 18:53:18 +0000


Started GET "/assets/users.js?body=1" for 10.0.2.2 at 2013-06-17 18:53:18 +0000


Started GET "/assets/application.js?body=1" for 10.0.2.2 at 2013-06-17 18:53:18 +0000


Started GET "/users/new" for 10.0.2.2 at 2013-06-17 18:53:29 +0000
Processing by UsersController#new as HTML
  Rendered users/_form.html.erb (43.9ms)
  Rendered users/new.html.erb within layouts/application (74.1ms)
Completed 200 OK in 147ms (Views: 146.2ms | ActiveRecord: 0.0ms)


Started GET "/users" for 10.0.2.2 at 2013-06-17 18:53:33 +0000
Processing by UsersController#index as HTML
  [1m[35mUser Load (1.2ms)[0m  SELECT "users".* FROM "users"
  Rendered users/index.html.erb within layouts/application (3.2ms)
Completed 200 OK in 76ms (Views: 74.2ms | ActiveRecord: 1.2ms)
  [1m[36mActiveRecord::SchemaMigration Load (1.1ms)[0m  [1mSELECT "schema_migrations".* FROM "schema_migrations"[0m
Migrating to CreateChannels (20130617191711)
  [1m[35m (0.1ms)[0m  begin transaction
  [1m[36m (2.5ms)[0m  [1mCREATE TABLE "channels" ("id" INTEGER PRIMARY KEY AUTOINCREMENT NOT NULL, "channel_name" varchar(255), "description" varchar(255), "created_at" datetime, "updated_at" datetime) [0m
  [1m[35mSQL (0.9ms)[0m  INSERT INTO "schema_migrations" ("version") VALUES (?)  [["version", "20130617191711"]]
  [1m[36m (3.8ms)[0m  [1mcommit transaction[0m
  [1m[35mActiveRecord::SchemaMigration Load (1.0ms)[0m  SELECT "schema_migrations".* FROM "schema_migrations"
  [1m[36mActiveRecord::SchemaMigration Load (1.3ms)[0m  [1mSELECT "schema_migrations".* FROM "schema_migrations"[0m
Migrating to AddUserToChannels (20130617194532)
  [1m[35m (0.1ms)[0m  begin transaction
  [1m[36m (2.7ms)[0m  [1mALTER TABLE "channels" ADD "user_id" integer[0m
  [1m[35m (0.2ms)[0m  CREATE INDEX "index_channels_on_user_id" ON "channels" ("user_id")
  [1m[36mSQL (1.0ms)[0m  [1mINSERT INTO "schema_migrations" ("version") VALUES (?)[0m  [["version", "20130617194532"]]
  [1m[35m (3.6ms)[0m  commit transaction
  [1m[36mActiveRecord::SchemaMigration Load (1.1ms)[0m  [1mSELECT "schema_migrations".* FROM "schema_migrations"[0m


Started GET "/" for 10.0.2.2 at 2013-06-17 19:47:49 +0000
Processing by Rails::WelcomeController#index as HTML
  Rendered /home/vagrant/.rbenv/versions/2.0.0-p195/lib/ruby/gems/2.0.0/gems/railties-4.0.0.rc1/lib/rails/templates/rails/welcome/index.html.erb (0.1ms)
Completed 200 OK in 2ms (Views: 1.6ms | ActiveRecord: 0.0ms)


Started GET "/user" for 10.0.2.2 at 2013-06-17 19:47:54 +0000

ActionController::RoutingError (No route matches [GET] "/user"):
  actionpack (4.0.0.rc1) lib/action_dispatch/middleware/debug_exceptions.rb:21:in `call'
  actionpack (4.0.0.rc1) lib/action_dispatch/middleware/show_exceptions.rb:30:in `call'
  railties (4.0.0.rc1) lib/rails/rack/logger.rb:38:in `call_app'
  railties (4.0.0.rc1) lib/rails/rack/logger.rb:21:in `block in call'
  activesupport (4.0.0.rc1) lib/active_support/tagged_logging.rb:67:in `block in tagged'
  activesupport (4.0.0.rc1) lib/active_support/tagged_logging.rb:25:in `tagged'
  activesupport (4.0.0.rc1) lib/active_support/tagged_logging.rb:67:in `tagged'
  railties (4.0.0.rc1) lib/rails/rack/logger.rb:21:in `call'
  actionpack (4.0.0.rc1) lib/action_dispatch/middleware/request_id.rb:21:in `call'
  rack (1.5.2) lib/rack/methodoverride.rb:21:in `call'
  rack (1.5.2) lib/rack/runtime.rb:17:in `call'
  activesupport (4.0.0.rc1) lib/active_support/cache/strategy/local_cache.rb:83:in `call'
  rack (1.5.2) lib/rack/lock.rb:17:in `call'
  actionpack (4.0.0.rc1) lib/action_dispatch/middleware/static.rb:64:in `call'
  railties (4.0.0.rc1) lib/rails/engine.rb:511:in `call'
  railties (4.0.0.rc1) lib/rails/application.rb:96:in `call'
  rack (1.5.2) lib/rack/lock.rb:17:in `call'
  rack (1.5.2) lib/rack/content_length.rb:14:in `call'
  rack (1.5.2) lib/rack/handler/webrick.rb:60:in `service'
  /home/vagrant/.rbenv/versions/2.0.0-p195/lib/ruby/2.0.0/webrick/httpserver.rb:138:in `service'
  /home/vagrant/.rbenv/versions/2.0.0-p195/lib/ruby/2.0.0/webrick/httpserver.rb:94:in `run'
  /home/vagrant/.rbenv/versions/2.0.0-p195/lib/ruby/2.0.0/webrick/server.rb:295:in `block in start_thread'


  Rendered /home/vagrant/.rbenv/versions/2.0.0-p195/lib/ruby/gems/2.0.0/gems/actionpack-4.0.0.rc1/lib/action_dispatch/middleware/templates/rescues/_trace.erb (0.5ms)
  Rendered /home/vagrant/.rbenv/versions/2.0.0-p195/lib/ruby/gems/2.0.0/gems/actionpack-4.0.0.rc1/lib/action_dispatch/middleware/templates/routes/_route.html.erb (1.4ms)
  Rendered /home/vagrant/.rbenv/versions/2.0.0-p195/lib/ruby/gems/2.0.0/gems/actionpack-4.0.0.rc1/lib/action_dispatch/middleware/templates/routes/_table.html.erb (4.8ms)
  Rendered /home/vagrant/.rbenv/versions/2.0.0-p195/lib/ruby/gems/2.0.0/gems/actionpack-4.0.0.rc1/lib/action_dispatch/middleware/templates/rescues/routing_error.erb within rescues/layout (24.2ms)


Started GET "/" for 10.0.2.2 at 2013-06-17 19:47:58 +0000
Processing by Rails::WelcomeController#index as HTML
  Rendered /home/vagrant/.rbenv/versions/2.0.0-p195/lib/ruby/gems/2.0.0/gems/railties-4.0.0.rc1/lib/rails/templates/rails/welcome/index.html.erb (0.1ms)
Completed 200 OK in 3ms (Views: 2.1ms | ActiveRecord: 0.0ms)


Started GET "/users" for 10.0.2.2 at 2013-06-17 19:48:02 +0000
Processing by UsersController#index as HTML
  [1m[36mUser Load (1.2ms)[0m  [1mSELECT "users".* FROM "users"[0m
  Rendered users/index.html.erb within layouts/application (16.0ms)
Completed 200 OK in 287ms (Views: 271.1ms | ActiveRecord: 2.5ms)


Started GET "/assets/channels.js?body=1" for 10.0.2.2 at 2013-06-17 19:48:02 +0000


Started GET "/assets/application.css?body=1" for 10.0.2.2 at 2013-06-17 19:48:02 +0000


Started GET "/assets/channels.css?body=1" for 10.0.2.2 at 2013-06-17 19:48:02 +0000


Started GET "/assets/jquery.js?body=1" for 10.0.2.2 at 2013-06-17 19:48:02 +0000


Started GET "/assets/users.css?body=1" for 10.0.2.2 at 2013-06-17 19:48:02 +0000


Started GET "/assets/scaffolds.css?body=1" for 10.0.2.2 at 2013-06-17 19:48:02 +0000


Started GET "/assets/jquery_ujs.js?body=1" for 10.0.2.2 at 2013-06-17 19:48:03 +0000


Started GET "/assets/turbolinks.js?body=1" for 10.0.2.2 at 2013-06-17 19:48:03 +0000


Started GET "/assets/users.js?body=1" for 10.0.2.2 at 2013-06-17 19:48:03 +0000


Started GET "/assets/application.js?body=1" for 10.0.2.2 at 2013-06-17 19:48:03 +0000
  [1m[36mActiveRecord::SchemaMigration Load (1.4ms)[0m  [1mSELECT "schema_migrations".* FROM "schema_migrations"[0m
Migrating to CreatePosts (20130617194939)
  [1m[35m (0.1ms)[0m  begin transaction
  [1m[36m (2.8ms)[0m  [1mCREATE TABLE "posts" ("id" INTEGER PRIMARY KEY AUTOINCREMENT NOT NULL, "img_url" varchar(255), "caption" varchar(255), "user_id" integer, "channel_id" integer, "created_at" datetime, "updated_at" datetime) [0m
  [1m[35m (0.1ms)[0m  CREATE INDEX "index_posts_on_user_id" ON "posts" ("user_id")
  [1m[36m (0.1ms)[0m  [1mCREATE INDEX "index_posts_on_channel_id" ON "posts" ("channel_id")[0m
  [1m[35mSQL (0.9ms)[0m  INSERT INTO "schema_migrations" ("version") VALUES (?)  [["version", "20130617194939"]]
  [1m[36m (4.9ms)[0m  [1mcommit transaction[0m
  [1m[35mActiveRecord::SchemaMigration Load (1.1ms)[0m  SELECT "schema_migrations".* FROM "schema_migrations"
  [1m[36mActiveRecord::SchemaMigration Load (1.3ms)[0m  [1mSELECT "schema_migrations".* FROM "schema_migrations"[0m
Migrating to CreateComments (20130617195434)
  [1m[35m (0.1ms)[0m  begin transaction
  [1m[36m (0.1ms)[0m  [1mrollback transaction[0m
  [1m[36mActiveRecord::SchemaMigration Load (1.3ms)[0m  [1mSELECT "schema_migrations".* FROM "schema_migrations"[0m
Migrating to CreateComments (20130617195434)
  [1m[35m (0.1ms)[0m  begin transaction
  [1m[36m (0.1ms)[0m  [1mrollback transaction[0m
  [1m[36mActiveRecord::SchemaMigration Load (1.1ms)[0m  [1mSELECT "schema_migrations".* FROM "schema_migrations"[0m
Migrating to CreateComments (20130617195944)
  [1m[35m (0.1ms)[0m  begin transaction
  [1m[36m (3.1ms)[0m  [1mCREATE TABLE "comments" ("id" INTEGER PRIMARY KEY AUTOINCREMENT NOT NULL, "content" varchar(255), "post_id" integer, "user_id" integer, "created_at" datetime, "updated_at" datetime) [0m
  [1m[35m (0.1ms)[0m  CREATE INDEX "index_comments_on_post_id" ON "comments" ("post_id")
  [1m[36m (0.1ms)[0m  [1mCREATE INDEX "index_comments_on_user_id" ON "comments" ("user_id")[0m
  [1m[35mSQL (1.0ms)[0m  INSERT INTO "schema_migrations" ("version") VALUES (?)  [["version", "20130617195944"]]
  [1m[36m (3.3ms)[0m  [1mcommit transaction[0m
  [1m[35mActiveRecord::SchemaMigration Load (0.9ms)[0m  SELECT "schema_migrations".* FROM "schema_migrations"


Started GET "/users/1/edit" for 10.0.2.2 at 2013-06-17 20:01:57 +0000
Processing by UsersController#edit as HTML
  Parameters: {"id"=>"1"}
  [1m[35mUser Load (1.3ms)[0m  SELECT "users".* FROM "users" WHERE "users"."id" = ? LIMIT 1  [["id", "1"]]
  Rendered users/_form.html.erb (3.0ms)
  Rendered users/edit.html.erb within layouts/application (27.4ms)
Completed 200 OK in 360ms (Views: 325.4ms | ActiveRecord: 2.8ms)


Started GET "/users/1/edit" for 10.0.2.2 at 2013-06-17 20:01:58 +0000
Processing by UsersController#edit as HTML
  Parameters: {"id"=>"1"}
  [1m[36mUser Load (1.1ms)[0m  [1mSELECT "users".* FROM "users" WHERE "users"."id" = ? LIMIT 1[0m  [["id", "1"]]
  Rendered users/_form.html.erb (3.8ms)
  Rendered users/edit.html.erb within layouts/application (21.5ms)
Completed 200 OK in 114ms (Views: 111.0ms | ActiveRecord: 1.1ms)


Started GET "/assets/channels.css?body=1" for 10.0.2.2 at 2013-06-17 20:01:58 +0000


Started GET "/assets/application.css?body=1" for 10.0.2.2 at 2013-06-17 20:01:58 +0000


Started GET "/assets/users.css?body=1" for 10.0.2.2 at 2013-06-17 20:01:58 +0000


Started GET "/assets/scaffolds.css?body=1" for 10.0.2.2 at 2013-06-17 20:01:58 +0000


Started GET "/assets/posts.css?body=1" for 10.0.2.2 at 2013-06-17 20:01:58 +0000


Started GET "/assets/comments.css?body=1" for 10.0.2.2 at 2013-06-17 20:01:58 +0000


Started GET "/assets/jquery.js?body=1" for 10.0.2.2 at 2013-06-17 20:01:58 +0000


Started GET "/assets/jquery_ujs.js?body=1" for 10.0.2.2 at 2013-06-17 20:01:58 +0000


Started GET "/assets/turbolinks.js?body=1" for 10.0.2.2 at 2013-06-17 20:01:58 +0000


Started GET "/assets/channels.js?body=1" for 10.0.2.2 at 2013-06-17 20:01:58 +0000


Started GET "/assets/comments.js?body=1" for 10.0.2.2 at 2013-06-17 20:01:58 +0000


Started GET "/assets/posts.js?body=1" for 10.0.2.2 at 2013-06-17 20:01:58 +0000


Started GET "/assets/users.js?body=1" for 10.0.2.2 at 2013-06-17 20:01:58 +0000


Started GET "/assets/application.js?body=1" for 10.0.2.2 at 2013-06-17 20:01:59 +0000


Started GET "/users" for 10.0.2.2 at 2013-06-17 20:02:04 +0000
Processing by UsersController#index as HTML
  [1m[35mUser Load (1.1ms)[0m  SELECT "users".* FROM "users"
  Rendered users/index.html.erb within layouts/application (2.9ms)
Completed 200 OK in 99ms (Views: 96.8ms | ActiveRecord: 1.1ms)
